2025-05-22 11:42:35 INFO Starting SR-IOV VF setup
2025-05-22 11:42:35 INFO Number of VFs: 7
2025-05-22 11:42:35 INFO SR-IOV VFs are already enabled
2025-05-22 12:45:45 INFO Starting SR-IOV VF setup
2025-05-22 12:45:45 INFO Number of VFs: 7
2025-05-22 12:45:45 INFO SR-IOV VFs are already enabled
2025-05-22 12:47:29 INFO Starting SR-IOV VF setup
2025-05-22 12:47:29 INFO Number of VFs: 7
2025-05-22 12:47:29 INFO SR-IOV VFs are already enabled
2025-05-22 12:56:55 INFO Starting SR-IOV VF setup
2025-05-22 12:56:55 INFO Number of VFs: 0
2025-05-22 12:56:55 INFO VFs are not yet configured
2025-05-22 12:56:55 INFO Total VFs: 7, Vendor: 0x8086, Device: 0xa7a0, DRM Driver: i915
2025-05-22 12:56:55 INFO Loading required kernel modules
2025-05-22 12:56:55 INFO Setting numvfs and binding VFs to vfio_pci driver
2025-05-22 12:56:55 INFO IOV Path: /sys/class/drm/card0/prelim_iov
2025-05-22 12:56:55 INFO Configuring VF 1 for gt0
2025-05-22 12:56:55 INFO Configuring VF 2 for gt0
2025-05-22 12:56:55 INFO Configuring VF 3 for gt0
2025-05-22 12:56:55 INFO Configuring VF 4 for gt0
2025-05-22 12:56:55 INFO Configuring VF 5 for gt0
2025-05-22 12:56:55 INFO Configuring VF 6 for gt0
2025-05-22 12:56:55 INFO Configuring VF 7 for gt0
2025-05-22 12:56:55 OK SR-IOV VF setup completed successfully
